Number of words: 50
7         geocarpic                waited 0.110 seconds
26        outedge                  waited 0.658 seconds
27        recenter                 waited 1.065 seconds
41        ithomiid                 waited 1.104 seconds
36        footwear                 waited 1.184 seconds
39        campylotropous           waited 1.210 seconds
11        uranology                waited 1.513 seconds
5         unresistibly             waited 2.120 seconds
1         precedent                waited 2.491 seconds
18        crone                    waited 2.800 seconds
20        psalmographer            waited 3.078 seconds
42        teagle                   waited 3.195 seconds
45        nolition                 waited 3.396 seconds
37        pentimento               waited 4.162 seconds
3         outstrip                 waited 4.310 seconds
24        Moringua                 waited 4.701 seconds
22        Taeniosomi               waited 4.771 seconds
2         flavorsome               waited 4.896 seconds
23        Nepalese                 waited 5.259 seconds
28        Oryctolagus              waited 5.453 seconds
25        tranchefer               waited 5.503 seconds
48        Libyan                   waited 5.617 seconds
16        unminded                 waited 5.758 seconds
12        draftiness               waited 5.817 seconds
43        yarwhelp                 waited 5.900 seconds
44        testee                   waited 5.931 seconds
33        whitefoot                waited 5.933 seconds
35        compulsiveness           waited 6.098 seconds
50        Batrachidae              waited 6.159 seconds
15        vulnific                 waited 6.196 seconds
47        hassar                   waited 6.287 seconds
34        cocreditor               waited 6.418 seconds
29        clag                     waited 6.461 seconds
14        umbelliflorous           waited 6.825 seconds
40        clairaudience            waited 6.956 seconds
21        pectinibranch            waited 7.117 seconds
8         streptoneurous           waited 7.245 seconds
9         semihumorously           waited 7.298 seconds
17        subpulmonary             waited 7.348 seconds
31        subpostmastership        waited 7.357 seconds
19        subanniversary           waited 7.458 seconds
13        associated               waited 7.461 seconds
38        quintadena               waited 7.765 seconds
4         championship             waited 7.985 seconds
10        breadbasket              waited 7.948 seconds
6         bergamot                 waited 8.203 seconds
46        staidness                waited 8.499 seconds
32        kinch                    waited 8.712 seconds
30        engore                   waited 8.777 seconds
49        aurophobia               waited 9.447 seconds
Total time: 9.509 seconds